<?xml version="1.0" encoding="UTF-8"?>
<!-- Generated by org.testng.reporters.JUnitReportReporter -->
<testsuite hostname="DESKTOP-91QHVES" failures="0" tests="3" name="testcases.SimplilearnLoginTest" time="159.495" errors="0" timestamp="2022-09-21T00:26:10 IST" skipped="0">
  <testcase classname="testcases.SimplilearnLoginTest" name="Test3" time="62.706"/>
  <system-out/>
  <testcase classname="testcases.SimplilearnLoginTest" name="Test2" time="46.735"/>
  <system-out/>
  <testcase classname="testcases.SimplilearnLoginTest" name="Test1" time="50.054"/>
  <system-out/>
</testsuite> <!-- testcases.SimplilearnLoginTest -->
