<?xml version="1.0" encoding="UTF-8"?>
<!-- Generated by org.testng.reporters.JUnitReportReporter -->
<testsuite hostname="DESKTOP-91QHVES" failures="0" tests="1" name="testcases.HomeTest" time="32.411" errors="0" timestamp="2022-09-21T00:16:11 IST" skipped="0">
  <testcase classname="testcases.HomeTest" name="Test1" time="32.411"/>
  <system-out/>
</testsuite> <!-- testcases.HomeTest -->
