<?xml version="1.0" encoding="UTF-8"?>
<!-- Generated by org.testng.reporters.JUnitReportReporter -->
<testsuite hostname="DESKTOP-91QHVES" failures="0" tests="3" name="testcases.SimplilearnLoginTest" time="159.796" errors="0" timestamp="23 Sep 2022 16:21:32 GMT" skipped="0">
  <testcase classname="testcases.SimplilearnLoginTest" name="Test2" time="66.132"/>
  <testcase classname="testcases.SimplilearnLoginTest" name="Test1" time="46.209"/>
  <testcase classname="testcases.SimplilearnLoginTest" name="Test3" time="47.455"/>
</testsuite> <!-- testcases.SimplilearnLoginTest -->
