<?xml version="1.0" encoding="UTF-8"?>
<!-- Generated by org.testng.reporters.JUnitReportReporter -->
<testsuite hostname="DESKTOP-91QHVES" failures="0" tests="1" name="testcases.HomeTest" time="27.627" errors="0" timestamp="2022-09-20T23:16:02 IST" skipped="0">
  <testcase classname="testcases.HomeTest" name="Test1" time="27.627"/>
  <system-out/>
</testsuite> <!-- testcases.HomeTest -->
