<?xml version="1.0" encoding="UTF-8"?>
<!-- Generated by org.testng.reporters.JUnitReportReporter -->
<testsuite hostname="DESKTOP-91QHVES" failures="0" tests="2" name="testcases.SimplilearnLoginTest" time="76.819" errors="0" timestamp="2022-09-20T23:16:02 IST" skipped="0">
  <testcase classname="testcases.SimplilearnLoginTest" name="Test1" time="39.405"/>
  <system-out/>
  <testcase classname="testcases.SimplilearnLoginTest" name="Test2" time="37.414"/>
  <system-out/>
</testsuite> <!-- testcases.SimplilearnLoginTest -->
