<?xml version="1.0" encoding="UTF-8"?>
<!-- Generated by org.testng.reporters.JUnitReportReporter -->
<testsuite hostname="DESKTOP-91QHVES" failures="0" tests="3" name="testcases.SimplilearnLoginTest" time="109.481" errors="0" timestamp="24 Sep 2022 06:30:59 GMT" skipped="0">
  <testcase classname="testcases.SimplilearnLoginTest" name="Test2" time="34.385"/>
  <testcase classname="testcases.SimplilearnLoginTest" name="Test1" time="37.254"/>
  <testcase classname="testcases.SimplilearnLoginTest" name="Test3" time="37.842"/>
</testsuite> <!-- testcases.SimplilearnLoginTest -->
